An NVIDIA GPU may be present on this machine, but a CUDA-enabled jaxlib is not installed. Falling back to cpu.
  0%|          | 0/6400 [00:00<?, ?it/s] 34%|███▍      | 2169/6400 [05:20<10:24,  6.78it/s] 34%|███▍      | 2169/6400 [05:40<10:24,  6.78it/s] 68%|██████▊   | 4329/6400 [10:40<05:06,  6.76it/s] 68%|██████▊   | 4329/6400 [11:00<05:06,  6.76it/s]100%|██████████| 6400/6400 [15:48<00:00,  6.75it/s]
  0%|          | 0/6400 [00:00<?, ?it/s] 34%|███▍      | 2182/6400 [05:20<10:18,  6.82it/s] 34%|███▍      | 2182/6400 [05:34<10:18,  6.82it/s] 68%|██████▊   | 4340/6400 [10:40<05:04,  6.77it/s] 68%|██████▊   | 4340/6400 [10:54<05:04,  6.77it/s]100%|██████████| 6400/6400 [15:46<00:00,  6.76it/s]
  0%|          | 0/6400 [00:00<?, ?it/s] 34%|███▍      | 2182/6400 [05:20<10:18,  6.82it/s] 34%|███▍      | 2182/6400 [05:37<10:18,  6.82it/s] 68%|██████▊   | 4344/6400 [10:40<05:03,  6.78it/s] 68%|██████▊   | 4344/6400 [10:57<05:03,  6.78it/s]100%|██████████| 6400/6400 [15:45<00:00,  6.77it/s]
  0%|          | 0/6400 [00:00<?, ?it/s] 34%|███▍      | 2178/6400 [05:20<10:20,  6.80it/s] 34%|███▍      | 2178/6400 [05:30<10:20,  6.80it/s] 68%|██████▊   | 4333/6400 [10:40<05:05,  6.76it/s] 68%|██████▊   | 4333/6400 [10:50<05:05,  6.76it/s]100%|██████████| 6400/6400 [15:48<00:00,  6.75it/s]
  0%|          | 0/6400 [00:00<?, ?it/s] 34%|███▍      | 2186/6400 [05:20<10:17,  6.83it/s] 34%|███▍      | 2186/6400 [05:39<10:17,  6.83it/s] 68%|██████▊   | 4351/6400 [10:40<05:01,  6.79it/s] 68%|██████▊   | 4351/6400 [10:59<05:01,  6.79it/s]100%|██████████| 6400/6400 [15:45<00:00,  6.77it/s]
  0%|          | 0/6400 [00:00<?, ?it/s] 34%|███▍      | 2176/6400 [05:20<10:21,  6.80it/s] 34%|███▍      | 2176/6400 [05:32<10:21,  6.80it/s] 68%|██████▊   | 4324/6400 [10:40<05:07,  6.75it/s] 68%|██████▊   | 4324/6400 [10:52<05:07,  6.75it/s]100%|██████████| 6400/6400 [15:49<00:00,  6.74it/s]
  0%|          | 0/6400 [00:00<?, ?it/s] 34%|███▍      | 2171/6400 [05:20<10:23,  6.78it/s] 34%|███▍      | 2171/6400 [05:39<10:23,  6.78it/s] 68%|██████▊   | 4333/6400 [10:40<05:05,  6.77it/s] 68%|██████▊   | 4333/6400 [10:59<05:05,  6.77it/s]100%|██████████| 6400/6400 [15:47<00:00,  6.75it/s]
  0%|          | 0/6400 [00:00<?, ?it/s] 34%|███▍      | 2164/6400 [05:20<10:26,  6.76it/s] 34%|███▍      | 2164/6400 [05:34<10:26,  6.76it/s] 68%|██████▊   | 4326/6400 [10:40<05:06,  6.76it/s] 68%|██████▊   | 4326/6400 [10:54<05:06,  6.76it/s]100%|██████████| 6400/6400 [15:48<00:00,  6.75it/s]
  0%|          | 0/6400 [00:00<?, ?it/s] 34%|███▎      | 2151/6400 [05:20<10:32,  6.72it/s] 34%|███▎      | 2151/6400 [05:33<10:32,  6.72it/s] 67%|██████▋   | 4314/6400 [10:40<05:09,  6.74it/s] 67%|██████▋   | 4314/6400 [10:53<05:09,  6.74it/s]100%|██████████| 6400/6400 [15:50<00:00,  6.73it/s]
  0%|          | 0/6400 [00:00<?, ?it/s] 34%|███▎      | 2156/6400 [05:20<10:29,  6.74it/s] 34%|███▎      | 2156/6400 [05:33<10:29,  6.74it/s] 67%|██████▋   | 4315/6400 [10:40<05:09,  6.74it/s] 67%|██████▋   | 4315/6400 [10:53<05:09,  6.74it/s]100%|██████████| 6400/6400 [15:49<00:00,  6.74it/s]
  0%|          | 0/6400 [00:00<?, ?it/s] 34%|███▍      | 2190/6400 [05:20<10:15,  6.84it/s] 34%|███▍      | 2190/6400 [05:33<10:15,  6.84it/s] 68%|██████▊   | 4352/6400 [10:40<05:01,  6.79it/s] 68%|██████▊   | 4352/6400 [10:53<05:01,  6.79it/s]100%|██████████| 6400/6400 [15:44<00:00,  6.77it/s]
  0%|          | 0/6400 [00:00<?, ?it/s] 34%|███▍      | 2186/6400 [05:20<10:16,  6.83it/s] 34%|███▍      | 2186/6400 [05:34<10:16,  6.83it/s] 68%|██████▊   | 4340/6400 [10:40<05:04,  6.77it/s] 68%|██████▊   | 4340/6400 [10:54<05:04,  6.77it/s]100%|██████████| 6400/6400 [15:45<00:00,  6.77it/s]
  0%|          | 0/6400 [00:00<?, ?it/s] 34%|███▍      | 2190/6400 [05:20<10:15,  6.84it/s] 34%|███▍      | 2190/6400 [05:32<10:15,  6.84it/s] 68%|██████▊   | 4354/6400 [10:40<05:01,  6.79it/s] 68%|██████▊   | 4354/6400 [10:52<05:01,  6.79it/s]100%|██████████| 6400/6400 [15:43<00:00,  6.78it/s]
JIT session error: Cannot allocate memory
JIT session error: Cannot allocate memory
jax.errors.SimplifiedTraceback: For simplicity, JAX has removed its internal frames from the traceback of the following exception. Set JAX_TRACEBACK_FILTERING=off to include these.

The above exception was the direct cause of the following exception:

Traceback (most recent call last):
  File "/mnt/nfs/nrdata02-users-data/luciano/script/ABC-SBI/examples/Gauss-Gauss/cluster_gauss.py", line 115, in <module>
    EPSILON_STAR, key = get_epsilon_star(key, ACCEPT_RATE, N_POINTS_EPS, prior_simulator, data_simulator, discrepancy, TRUE_DATA, quantile_rate = .99, epsilon = EPSILON_STAR)
  File "/mnt/nfs/nrdata02-users-data/luciano/script/ABC-SBI/functions/simulation.py", line 42, in get_epsilon_star
    datas, thetas, dists, key = ABC_epsilon(key, n_points, prior_simulator, data_simulator, discrepancy, new_epsilon, true_data)
jaxlib.xla_extension.XlaRuntimeError: INTERNAL: Failed to find compiled symbol for kernel broadcast_add_fusion.clone
