2024-12-18 02:36:44.501662: E external/xla/xla/stream_executor/cuda/cuda_platform.cc:51] failed call to cuInit: INTERNAL: CUDA error: Failed call to cuInit: CUDA_ERROR_NO_DEVICE: no CUDA-capable device is detected
Traceback (most recent call last):
  File "/home/users/luciano/miniconda3/envs/SBC/lib/python3.10/site-packages/jax/_src/xla_bridge.py", line 917, in backends
    backend = _init_backend(platform)
  File "/home/users/luciano/miniconda3/envs/SBC/lib/python3.10/site-packages/jax/_src/xla_bridge.py", line 1003, in _init_backend
    backend = registration.factory()
  File "/home/users/luciano/miniconda3/envs/SBC/lib/python3.10/site-packages/jax/_src/xla_bridge.py", line 695, in factory
    return xla_client.make_c_api_client(plugin_name, updated_options, None)
  File "/home/users/luciano/miniconda3/envs/SBC/lib/python3.10/site-packages/jaxlib/xla_client.py", line 205, in make_c_api_client
    return _xla.get_c_api_client(plugin_name, options, distributed_client)
jaxlib.xla_extension.XlaRuntimeError: FAILED_PRECONDITION: No visible GPU devices.

During handling of the above exception, another exception occurred:

Traceback (most recent call last):
  File "/mnt/nfs/nrdata02-users-data/luciano/script/test_jax.py", line 6, in <module>
    print(jax.devices("cpu"))
  File "/home/users/luciano/miniconda3/envs/SBC/lib/python3.10/site-packages/jax/_src/xla_bridge.py", line 1115, in devices
    return get_backend(backend).devices()
  File "/home/users/luciano/miniconda3/envs/SBC/lib/python3.10/site-packages/jax/_src/xla_bridge.py", line 1049, in get_backend
    return _get_backend_uncached(platform)
  File "/home/users/luciano/miniconda3/envs/SBC/lib/python3.10/site-packages/jax/_src/xla_bridge.py", line 1028, in _get_backend_uncached
    bs = backends()
  File "/home/users/luciano/miniconda3/envs/SBC/lib/python3.10/site-packages/jax/_src/xla_bridge.py", line 933, in backends
    raise RuntimeError(err_msg)
RuntimeError: Unable to initialize backend 'cuda': FAILED_PRECONDITION: No visible GPU devices. (you may need to uninstall the failing plugin package, or set JAX_PLATFORMS=cpu to skip this backend.)
