WARNING:2024-12-18 02:45:53,672:jax._src.xla_bridge:969: An NVIDIA GPU may be present on this machine, but a CUDA-enabled jaxlib is not installed. Falling back to cpu.
  0%|          | 0/6400 [00:00<?, ?it/s]  8%|▊         | 504/6400 [05:20<1:02:26,  1.57it/s]  8%|▊         | 504/6400 [05:40<1:02:26,  1.57it/s] 16%|█▌        | 1010/6400 [10:40<56:58,  1.58it/s]  16%|█▌        | 1010/6400 [11:00<56:58,  1.58it/s] 24%|██▎       | 1512/6400 [16:00<51:47,  1.57it/s] 24%|██▎       | 1512/6400 [16:20<51:47,  1.57it/s] 31%|███▏      | 2014/6400 [21:20<46:31,  1.57it/s] 31%|███▏      | 2014/6400 [21:40<46:31,  1.57it/s] 39%|███▉      | 2517/6400 [26:41<41:12,  1.57it/s] 39%|███▉      | 2517/6400 [27:00<41:12,  1.57it/s] 47%|████▋     | 3024/6400 [32:01<35:43,  1.57it/s] 47%|████▋     | 3024/6400 [32:20<35:43,  1.57it/s] 55%|█████▌    | 3534/6400 [37:21<30:13,  1.58it/s] 55%|█████▌    | 3534/6400 [37:40<30:13,  1.58it/s] 63%|██████▎   | 4039/6400 [42:41<24:54,  1.58it/s] 63%|██████▎   | 4039/6400 [43:00<24:54,  1.58it/s] 71%|███████   | 4549/6400 [48:02<19:28,  1.58it/s] 71%|███████   | 4549/6400 [48:20<19:28,  1.58it/s] 79%|███████▉  | 5051/6400 [53:22<14:14,  1.58it/s] 79%|███████▉  | 5051/6400 [53:40<14:14,  1.58it/s] 87%|████████▋ | 5570/6400 [58:42<08:41,  1.59it/s] 87%|████████▋ | 5570/6400 [59:00<08:41,  1.59it/s] 95%|█████████▌| 6089/6400 [1:04:02<03:14,  1.60it/s] 95%|█████████▌| 6089/6400 [1:04:20<03:14,  1.60it/s]100%|██████████| 6400/6400 [1:07:14<00:00,  1.59it/s]
  0%|          | 0/6400 [00:00<?, ?it/s]  8%|▊         | 524/6400 [05:20<59:52,  1.64it/s]  8%|▊         | 524/6400 [05:34<59:52,  1.64it/s] 16%|█▋        | 1048/6400 [10:40<54:33,  1.64it/s] 16%|█▋        | 1048/6400 [10:54<54:33,  1.64it/s] 25%|██▍       | 1569/6400 [16:01<49:22,  1.63it/s] 25%|██▍       | 1569/6400 [16:14<49:22,  1.63it/s] 33%|███▎      | 2090/6400 [21:21<44:05,  1.63it/s] 33%|███▎      | 2090/6400 [21:34<44:05,  1.63it/s] 41%|████      | 2615/6400 [26:41<38:37,  1.63it/s] 41%|████      | 2615/6400 [26:54<38:37,  1.63it/s] 49%|████▉     | 3131/6400 [32:02<33:30,  1.63it/s] 49%|████▉     | 3131/6400 [32:14<33:30,  1.63it/s] 57%|█████▋    | 3646/6400 [37:22<28:19,  1.62it/s] 57%|█████▋    | 3646/6400 [37:34<28:19,  1.62it/s] 65%|██████▌   | 4162/6400 [42:42<23:03,  1.62it/s] 65%|██████▌   | 4162/6400 [42:54<23:03,  1.62it/s] 73%|███████▎  | 4677/6400 [48:02<17:46,  1.62it/s] 73%|███████▎  | 4677/6400 [48:14<17:46,  1.62it/s] 81%|████████  | 5192/6400 [53:22<12:29,  1.61it/s] 81%|████████  | 5192/6400 [53:34<12:29,  1.61it/s] 89%|████████▉ | 5709/6400 [58:42<07:08,  1.61it/s] 89%|████████▉ | 5709/6400 [58:54<07:08,  1.61it/s] 97%|█████████▋| 6224/6400 [1:04:02<01:49,  1.61it/s] 97%|█████████▋| 6224/6400 [1:04:14<01:49,  1.61it/s]100%|██████████| 6400/6400 [1:05:51<00:00,  1.62it/s]
  0%|          | 0/6400 [00:00<?, ?it/s]  9%|▉         | 567/6400 [05:20<54:54,  1.77it/s]  9%|▉         | 567/6400 [05:36<54:54,  1.77it/s] 18%|█▊        | 1132/6400 [10:40<49:41,  1.77it/s] 18%|█▊        | 1132/6400 [10:56<49:41,  1.77it/s] 26%|██▋       | 1693/6400 [16:00<44:33,  1.76it/s] 26%|██▋       | 1693/6400 [16:16<44:33,  1.76it/s] 35%|███▍      | 2239/6400 [21:20<39:53,  1.74it/s] 35%|███▍      | 2239/6400 [21:36<39:53,  1.74it/s] 44%|████▎     | 2788/6400 [26:41<34:48,  1.73it/s] 44%|████▎     | 2788/6400 [26:56<34:48,  1.73it/s] 52%|█████▏    | 3348/6400 [32:01<29:18,  1.74it/s] 52%|█████▏    | 3348/6400 [32:16<29:18,  1.74it/s] 61%|██████    | 3907/6400 [37:21<23:53,  1.74it/s] 61%|██████    | 3907/6400 [37:36<23:53,  1.74it/s] 70%|██████▉   | 4467/6400 [42:42<18:29,  1.74it/s] 70%|██████▉   | 4467/6400 [42:56<18:29,  1.74it/s] 78%|███████▊  | 5022/6400 [48:02<13:12,  1.74it/s] 78%|███████▊  | 5022/6400 [48:16<13:12,  1.74it/s] 87%|████████▋ | 5575/6400 [53:22<07:55,  1.74it/s] 87%|████████▋ | 5575/6400 [53:36<07:55,  1.74it/s] 96%|█████████▌| 6133/6400 [58:43<02:33,  1.74it/s] 96%|█████████▌| 6133/6400 [58:56<02:33,  1.74it/s]100%|██████████| 6400/6400 [1:01:19<00:00,  1.74it/s]
  0%|          | 0/6400 [00:00<?, ?it/s]  8%|▊         | 532/6400 [05:20<58:52,  1.66it/s]  8%|▊         | 532/6400 [05:34<58:52,  1.66it/s] 16%|█▋        | 1055/6400 [10:40<54:09,  1.64it/s] 16%|█▋        | 1055/6400 [10:54<54:09,  1.64it/s] 25%|██▍       | 1592/6400 [16:01<48:18,  1.66it/s] 25%|██▍       | 1592/6400 [16:14<48:18,  1.66it/s] 33%|███▎      | 2132/6400 [21:21<42:36,  1.67it/s] 33%|███▎      | 2132/6400 [21:34<42:36,  1.67it/s] 42%|████▏     | 2661/6400 [26:41<37:27,  1.66it/s] 42%|████▏     | 2661/6400 [26:54<37:27,  1.66it/s] 50%|████▉     | 3199/6400 [32:01<31:58,  1.67it/s] 50%|████▉     | 3199/6400 [32:14<31:58,  1.67it/s] 58%|█████▊    | 3736/6400 [37:22<26:34,  1.67it/s] 58%|█████▊    | 3736/6400 [37:34<26:34,  1.67it/s] 67%|██████▋   | 4270/6400 [42:42<21:15,  1.67it/s] 67%|██████▋   | 4270/6400 [42:54<21:15,  1.67it/s] 75%|███████▌  | 4806/6400 [48:02<15:53,  1.67it/s] 75%|███████▌  | 4806/6400 [48:14<15:53,  1.67it/s] 83%|████████▎ | 5342/6400 [53:23<10:32,  1.67it/s] 83%|████████▎ | 5342/6400 [53:34<10:32,  1.67it/s] 92%|█████████▏| 5877/6400 [58:43<05:12,  1.67it/s] 92%|█████████▏| 5877/6400 [58:54<05:12,  1.67it/s]100%|██████████| 6400/6400 [1:04:00<00:00,  1.67it/s]
  0%|          | 0/6400 [00:00<?, ?it/s]  8%|▊         | 535/6400 [05:20<58:29,  1.67it/s]  8%|▊         | 535/6400 [05:32<58:29,  1.67it/s] 17%|█▋        | 1079/6400 [10:40<52:34,  1.69it/s] 17%|█▋        | 1079/6400 [10:52<52:34,  1.69it/s] 26%|██▌       | 1635/6400 [16:00<46:28,  1.71it/s] 26%|██▌       | 1635/6400 [16:12<46:28,  1.71it/s] 34%|███▍      | 2186/6400 [21:21<40:59,  1.71it/s] 34%|███▍      | 2186/6400 [21:32<40:59,  1.71it/s] 43%|████▎     | 2737/6400 [26:41<35:34,  1.72it/s] 43%|████▎     | 2737/6400 [26:52<35:34,  1.72it/s] 51%|█████     | 3279/6400 [32:02<30:27,  1.71it/s] 51%|█████     | 3279/6400 [32:12<30:27,  1.71it/s] 60%|█████▉    | 3813/6400 [37:22<25:26,  1.69it/s] 60%|█████▉    | 3813/6400 [37:32<25:26,  1.69it/s] 68%|██████▊   | 4354/6400 [42:42<20:09,  1.69it/s] 68%|██████▊   | 4354/6400 [43:02<20:09,  1.69it/s] 76%|███████▋  | 4889/6400 [48:03<14:56,  1.69it/s] 76%|███████▋  | 4889/6400 [48:22<14:56,  1.69it/s] 85%|████████▍ | 5415/6400 [53:23<09:49,  1.67it/s] 85%|████████▍ | 5415/6400 [53:42<09:49,  1.67it/s] 93%|█████████▎| 5942/6400 [58:44<04:35,  1.66it/s] 93%|█████████▎| 5942/6400 [59:02<04:35,  1.66it/s]100%|██████████| 6400/6400 [1:03:22<00:00,  1.68it/s]
  0%|          | 0/6400 [00:00<?, ?it/s]  8%|▊         | 536/6400 [05:20<58:21,  1.67it/s]  8%|▊         | 536/6400 [05:34<58:21,  1.67it/s] 17%|█▋        | 1073/6400 [10:40<52:58,  1.68it/s] 17%|█▋        | 1073/6400 [10:54<52:58,  1.68it/s] 25%|██▌       | 1605/6400 [16:00<47:53,  1.67it/s] 25%|██▌       | 1605/6400 [16:14<47:53,  1.67it/s] 33%|███▎      | 2136/6400 [21:21<42:41,  1.66it/s] 33%|███▎      | 2136/6400 [21:34<42:41,  1.66it/s] 42%|████▏     | 2664/6400 [26:41<37:32,  1.66it/s] 42%|████▏     | 2664/6400 [26:54<37:32,  1.66it/s] 50%|████▉     | 3192/6400 [32:01<32:18,  1.65it/s] 50%|████▉     | 3192/6400 [32:14<32:18,  1.65it/s] 58%|█████▊    | 3721/6400 [37:22<26:59,  1.65it/s] 58%|█████▊    | 3721/6400 [37:34<26:59,  1.65it/s] 66%|██████▋   | 4248/6400 [42:42<21:43,  1.65it/s] 66%|██████▋   | 4248/6400 [42:54<21:43,  1.65it/s] 75%|███████▍  | 4778/6400 [48:02<16:21,  1.65it/s] 75%|███████▍  | 4778/6400 [48:14<16:21,  1.65it/s] 83%|████████▎ | 5304/6400 [53:22<11:04,  1.65it/s] 83%|████████▎ | 5304/6400 [53:34<11:04,  1.65it/s] 91%|█████████ | 5835/6400 [58:43<05:42,  1.65it/s] 91%|█████████ | 5835/6400 [58:54<05:42,  1.65it/s] 99%|█████████▉| 6364/6400 [1:04:03<00:21,  1.65it/s] 99%|█████████▉| 6364/6400 [1:04:14<00:21,  1.65it/s]100%|██████████| 6400/6400 [1:04:25<00:00,  1.66it/s]
  0%|          | 0/6400 [00:00<?, ?it/s]  9%|▊         | 545/6400 [05:20<57:19,  1.70it/s]  9%|▊         | 545/6400 [05:30<57:19,  1.70it/s] 17%|█▋        | 1090/6400 [10:40<52:00,  1.70it/s] 17%|█▋        | 1090/6400 [10:50<52:00,  1.70it/s] 26%|██▌       | 1634/6400 [16:01<46:44,  1.70it/s] 26%|██▌       | 1634/6400 [16:20<46:44,  1.70it/s] 34%|███▍      | 2165/6400 [21:21<41:56,  1.68it/s] 34%|███▍      | 2165/6400 [21:40<41:56,  1.68it/s] 42%|████▏     | 2697/6400 [26:41<36:50,  1.68it/s] 42%|████▏     | 2697/6400 [27:00<36:50,  1.68it/s] 50%|█████     | 3227/6400 [32:01<31:41,  1.67it/s] 50%|█████     | 3227/6400 [32:20<31:41,  1.67it/s] 59%|█████▊    | 3756/6400 [37:21<26:29,  1.66it/s] 59%|█████▊    | 3756/6400 [37:40<26:29,  1.66it/s] 67%|██████▋   | 4284/6400 [42:42<21:16,  1.66it/s] 67%|██████▋   | 4284/6400 [43:00<21:16,  1.66it/s] 75%|███████▌  | 4815/6400 [48:02<15:56,  1.66it/s] 75%|███████▌  | 4815/6400 [48:20<15:56,  1.66it/s] 84%|████████▎ | 5347/6400 [53:23<10:34,  1.66it/s] 84%|████████▎ | 5347/6400 [53:40<10:34,  1.66it/s] 92%|█████████▏| 5886/6400 [58:43<05:08,  1.67it/s] 92%|█████████▏| 5886/6400 [59:01<05:08,  1.67it/s]100%|██████████| 6400/6400 [1:03:57<00:00,  1.67it/s]
  0%|          | 0/6400 [00:00<?, ?it/s]  8%|▊         | 528/6400 [05:20<59:21,  1.65it/s]  8%|▊         | 528/6400 [05:39<59:21,  1.65it/s] 17%|█▋        | 1079/6400 [10:40<52:25,  1.69it/s] 17%|█▋        | 1079/6400 [10:59<52:25,  1.69it/s] 26%|██▌       | 1632/6400 [16:00<46:32,  1.71it/s] 26%|██▌       | 1632/6400 [16:19<46:32,  1.71it/s] 34%|███▍      | 2176/6400 [21:20<41:18,  1.70it/s] 34%|███▍      | 2176/6400 [21:39<41:18,  1.70it/s] 42%|████▏     | 2714/6400 [26:41<36:14,  1.70it/s] 42%|████▏     | 2714/6400 [26:59<36:14,  1.70it/s] 51%|█████     | 3252/6400 [32:01<31:03,  1.69it/s] 51%|█████     | 3252/6400 [32:19<31:03,  1.69it/s] 59%|█████▉    | 3787/6400 [37:22<25:52,  1.68it/s] 59%|█████▉    | 3787/6400 [37:39<25:52,  1.68it/s] 68%|██████▊   | 4333/6400 [42:42<20:22,  1.69it/s] 68%|██████▊   | 4333/6400 [42:59<20:22,  1.69it/s] 76%|███████▋  | 4884/6400 [48:02<14:51,  1.70it/s] 76%|███████▋  | 4884/6400 [48:19<14:51,  1.70it/s] 85%|████████▍ | 5434/6400 [53:23<09:26,  1.70it/s] 85%|████████▍ | 5434/6400 [53:39<09:26,  1.70it/s] 94%|█████████▎| 5986/6400 [58:43<04:02,  1.71it/s] 94%|█████████▎| 5986/6400 [58:59<04:02,  1.71it/s]100%|██████████| 6400/6400 [1:02:44<00:00,  1.70it/s]
  0%|          | 0/6400 [00:00<?, ?it/s]  8%|▊         | 529/6400 [05:20<59:16,  1.65it/s]  8%|▊         | 529/6400 [05:38<59:16,  1.65it/s] 17%|█▋        | 1079/6400 [10:40<52:30,  1.69it/s] 17%|█▋        | 1079/6400 [10:58<52:30,  1.69it/s] 26%|██▌       | 1636/6400 [16:01<46:23,  1.71it/s] 26%|██▌       | 1636/6400 [16:18<46:23,  1.71it/s] 34%|███▍      | 2192/6400 [21:21<40:44,  1.72it/s] 34%|███▍      | 2192/6400 [21:38<40:44,  1.72it/s] 43%|████▎     | 2748/6400 [26:41<35:15,  1.73it/s] 43%|████▎     | 2748/6400 [26:58<35:15,  1.73it/s] 52%|█████▏    | 3305/6400 [32:02<29:48,  1.73it/s] 52%|█████▏    | 3305/6400 [32:18<29:48,  1.73it/s] 60%|██████    | 3859/6400 [37:22<24:28,  1.73it/s] 60%|██████    | 3859/6400 [37:38<24:28,  1.73it/s] 69%|██████▉   | 4413/6400 [42:42<19:08,  1.73it/s] 69%|██████▉   | 4413/6400 [42:58<19:08,  1.73it/s] 78%|███████▊  | 4966/6400 [48:03<13:49,  1.73it/s] 78%|███████▊  | 4966/6400 [48:18<13:49,  1.73it/s] 86%|████████▋ | 5521/6400 [53:23<08:27,  1.73it/s] 86%|████████▋ | 5521/6400 [53:38<08:27,  1.73it/s] 95%|█████████▍| 6076/6400 [58:43<03:07,  1.73it/s] 95%|█████████▍| 6076/6400 [58:58<03:07,  1.73it/s]100%|██████████| 6400/6400 [1:01:50<00:00,  1.72it/s]
  0%|          | 0/6400 [00:00<?, ?it/s]  9%|▊         | 557/6400 [05:20<55:59,  1.74it/s]  9%|▊         | 557/6400 [05:35<55:59,  1.74it/s] 17%|█▋        | 1117/6400 [10:40<50:28,  1.74it/s] 17%|█▋        | 1117/6400 [10:55<50:28,  1.74it/s] 26%|██▌       | 1676/6400 [16:01<45:08,  1.74it/s] 26%|██▌       | 1676/6400 [16:15<45:08,  1.74it/s] 35%|███▍      | 2235/6400 [21:21<39:47,  1.74it/s] 35%|███▍      | 2235/6400 [21:35<39:47,  1.74it/s] 44%|████▎     | 2793/6400 [26:41<34:27,  1.74it/s] 44%|████▎     | 2793/6400 [26:55<34:27,  1.74it/s] 52%|█████▏    | 3351/6400 [32:01<29:08,  1.74it/s] 52%|█████▏    | 3351/6400 [32:15<29:08,  1.74it/s] 61%|██████    | 3910/6400 [37:22<23:47,  1.74it/s] 61%|██████    | 3910/6400 [37:35<23:47,  1.74it/s] 70%|██████▉   | 4466/6400 [42:42<18:30,  1.74it/s] 70%|██████▉   | 4466/6400 [42:55<18:30,  1.74it/s] 78%|███████▊  | 5023/6400 [48:02<13:11,  1.74it/s] 78%|███████▊  | 5023/6400 [48:15<13:11,  1.74it/s] 87%|████████▋ | 5579/6400 [53:23<07:52,  1.74it/s] 87%|████████▋ | 5579/6400 [53:35<07:52,  1.74it/s] 96%|█████████▌| 6136/6400 [58:43<02:31,  1.74it/s] 96%|█████████▌| 6136/6400 [58:55<02:31,  1.74it/s]100%|██████████| 6400/6400 [1:01:15<00:00,  1.74it/s]
  0%|          | 0/6400 [00:00<?, ?it/s]  8%|▊         | 532/6400 [05:20<58:50,  1.66it/s]  8%|▊         | 532/6400 [05:39<58:50,  1.66it/s] 16%|█▋        | 1050/6400 [10:40<54:30,  1.64it/s] 16%|█▋        | 1050/6400 [10:59<54:30,  1.64it/s] 25%|██▍       | 1569/6400 [16:00<49:26,  1.63it/s] 25%|██▍       | 1569/6400 [16:19<49:26,  1.63it/s] 33%|███▎      | 2089/6400 [21:21<44:10,  1.63it/s] 33%|███▎      | 2089/6400 [21:39<44:10,  1.63it/s] 41%|████      | 2606/6400 [26:41<38:59,  1.62it/s] 41%|████      | 2606/6400 [26:59<38:59,  1.62it/s] 49%|████▉     | 3150/6400 [32:01<32:52,  1.65it/s] 49%|████▉     | 3150/6400 [32:19<32:52,  1.65it/s] 58%|█████▊    | 3690/6400 [37:22<27:12,  1.66it/s] 58%|█████▊    | 3690/6400 [37:39<27:12,  1.66it/s] 66%|██████▌   | 4231/6400 [42:42<21:39,  1.67it/s] 66%|██████▌   | 4231/6400 [42:59<21:39,  1.67it/s] 75%|███████▍  | 4771/6400 [48:02<16:12,  1.67it/s] 75%|███████▍  | 4771/6400 [48:19<16:12,  1.67it/s] 83%|████████▎ | 5310/6400 [53:23<10:50,  1.68it/s] 83%|████████▎ | 5310/6400 [53:39<10:50,  1.68it/s] 91%|█████████▏| 5843/6400 [58:43<05:32,  1.67it/s] 91%|█████████▏| 5843/6400 [58:59<05:32,  1.67it/s] 99%|█████████▉| 6364/6400 [1:04:03<00:21,  1.66it/s] 99%|█████████▉| 6364/6400 [1:04:19<00:21,  1.66it/s]100%|██████████| 6400/6400 [1:04:25<00:00,  1.66it/s]
  0%|          | 0/6400 [00:00<?, ?it/s]  8%|▊         | 535/6400 [05:20<58:30,  1.67it/s]  8%|▊         | 535/6400 [05:31<58:30,  1.67it/s] 17%|█▋        | 1059/6400 [10:40<53:57,  1.65it/s] 17%|█▋        | 1059/6400 [10:51<53:57,  1.65it/s] 25%|██▍       | 1581/6400 [16:01<48:57,  1.64it/s] 25%|██▍       | 1581/6400 [16:11<48:57,  1.64it/s] 33%|███▎      | 2104/6400 [21:21<43:44,  1.64it/s] 33%|███▎      | 2104/6400 [21:41<43:44,  1.64it/s] 41%|████      | 2626/6400 [26:41<38:28,  1.63it/s] 41%|████      | 2626/6400 [27:01<38:28,  1.63it/s] 49%|████▉     | 3148/6400 [32:01<33:10,  1.63it/s] 49%|████▉     | 3148/6400 [32:21<33:10,  1.63it/s] 57%|█████▋    | 3677/6400 [37:22<27:41,  1.64it/s] 57%|█████▋    | 3677/6400 [37:41<27:41,  1.64it/s] 66%|██████▌   | 4223/6400 [42:42<21:51,  1.66it/s] 66%|██████▌   | 4223/6400 [43:01<21:51,  1.66it/s] 75%|███████▍  | 4769/6400 [48:03<16:14,  1.67it/s] 75%|███████▍  | 4769/6400 [48:21<16:14,  1.67it/s] 83%|████████▎ | 5316/6400 [53:23<10:43,  1.68it/s] 83%|████████▎ | 5316/6400 [53:41<10:43,  1.68it/s] 92%|█████████▏| 5862/6400 [58:44<05:18,  1.69it/s] 92%|█████████▏| 5862/6400 [59:01<05:18,  1.69it/s]100%|██████████| 6400/6400 [1:04:00<00:00,  1.67it/s]
  0%|          | 0/6400 [00:00<?, ?it/s]  8%|▊         | 544/6400 [05:20<57:30,  1.70it/s]  8%|▊         | 544/6400 [05:32<57:30,  1.70it/s] 17%|█▋        | 1074/6400 [10:41<53:06,  1.67it/s] 17%|█▋        | 1074/6400 [10:52<53:06,  1.67it/s] 25%|██▌       | 1616/6400 [16:01<47:24,  1.68it/s] 25%|██▌       | 1616/6400 [16:12<47:24,  1.68it/s] 34%|███▎      | 2158/6400 [21:21<41:56,  1.69it/s] 34%|███▎      | 2158/6400 [21:33<41:56,  1.69it/s] 42%|████▏     | 2695/6400 [26:41<36:41,  1.68it/s] 42%|████▏     | 2695/6400 [26:53<36:41,  1.68it/s] 50%|█████     | 3214/6400 [32:01<31:57,  1.66it/s] 50%|█████     | 3214/6400 [32:13<31:57,  1.66it/s] 58%|█████▊    | 3734/6400 [37:22<26:57,  1.65it/s] 58%|█████▊    | 3734/6400 [37:33<26:57,  1.65it/s] 66%|██████▋   | 4252/6400 [42:42<21:50,  1.64it/s] 66%|██████▋   | 4252/6400 [42:53<21:50,  1.64it/s] 75%|███████▍  | 4771/6400 [48:03<16:37,  1.63it/s] 75%|███████▍  | 4771/6400 [48:23<16:37,  1.63it/s] 83%|████████▎ | 5291/6400 [53:23<11:20,  1.63it/s] 83%|████████▎ | 5291/6400 [53:43<11:20,  1.63it/s] 91%|█████████ | 5809/6400 [58:44<06:03,  1.63it/s] 91%|█████████ | 5809/6400 [59:03<06:03,  1.63it/s] 99%|█████████▉| 6328/6400 [1:04:04<00:44,  1.62it/s] 99%|█████████▉| 6328/6400 [1:04:23<00:44,  1.62it/s]100%|██████████| 6400/6400 [1:04:48<00:00,  1.65it/s]
  0%|          | 0/6400 [00:00<?, ?it/s]  9%|▊         | 557/6400 [05:20<55:57,  1.74it/s]  9%|▊         | 557/6400 [05:33<55:57,  1.74it/s] 17%|█▋        | 1117/6400 [10:40<50:25,  1.75it/s] 17%|█▋        | 1117/6400 [10:53<50:25,  1.75it/s] 26%|██▌       | 1676/6400 [16:00<45:07,  1.74it/s] 26%|██▌       | 1676/6400 [16:13<45:07,  1.74it/s] 35%|███▍      | 2236/6400 [21:21<39:45,  1.75it/s] 35%|███▍      | 2236/6400 [21:33<39:45,  1.75it/s] 44%|████▎     | 2793/6400 [26:41<34:28,  1.74it/s] 44%|████▎     | 2793/6400 [26:53<34:28,  1.74it/s] 52%|█████▏    | 3334/6400 [32:01<29:37,  1.72it/s] 52%|█████▏    | 3334/6400 [32:13<29:37,  1.72it/s] 60%|██████    | 3865/6400 [37:21<24:48,  1.70it/s] 60%|██████    | 3865/6400 [37:33<24:48,  1.70it/s] 69%|██████▊   | 4390/6400 [42:42<19:54,  1.68it/s] 69%|██████▊   | 4390/6400 [42:53<19:54,  1.68it/s] 77%|███████▋  | 4940/6400 [48:02<14:21,  1.69it/s] 77%|███████▋  | 4940/6400 [48:14<14:21,  1.69it/s] 86%|████████▌ | 5497/6400 [53:22<08:48,  1.71it/s] 86%|████████▌ | 5497/6400 [53:34<08:48,  1.71it/s] 94%|█████████▍| 6042/6400 [58:42<03:29,  1.71it/s] 94%|█████████▍| 6042/6400 [58:54<03:29,  1.71it/s]100%|██████████| 6400/6400 [1:02:13<00:00,  1.71it/s]
  0%|          | 0/6400 [00:00<?, ?it/s]  9%|▊         | 557/6400 [05:20<56:01,  1.74it/s]  9%|▊         | 557/6400 [05:31<56:01,  1.74it/s] 17%|█▋        | 1111/6400 [10:40<50:50,  1.73it/s] 17%|█▋        | 1111/6400 [10:51<50:50,  1.73it/s] 26%|██▌       | 1660/6400 [16:00<45:48,  1.72it/s] 26%|██▌       | 1660/6400 [16:11<45:48,  1.72it/s] 35%|███▍      | 2212/6400 [21:21<40:29,  1.72it/s] 35%|███▍      | 2212/6400 [21:31<40:29,  1.72it/s] 43%|████▎     | 2763/6400 [26:41<35:11,  1.72it/s] 43%|████▎     | 2763/6400 [26:51<35:11,  1.72it/s] 52%|█████▏    | 3315/6400 [32:02<29:50,  1.72it/s] 52%|█████▏    | 3315/6400 [32:21<29:50,  1.72it/s] 60%|██████    | 3865/6400 [37:22<24:33,  1.72it/s] 60%|██████    | 3865/6400 [37:41<24:33,  1.72it/s] 69%|██████▉   | 4410/6400 [42:42<19:20,  1.71it/s] 69%|██████▉   | 4410/6400 [43:01<19:20,  1.71it/s] 77%|███████▋  | 4958/6400 [48:03<14:01,  1.71it/s] 77%|███████▋  | 4958/6400 [48:21<14:01,  1.71it/s] 86%|████████▌ | 5506/6400 [53:23<08:42,  1.71it/s] 86%|████████▌ | 5506/6400 [53:41<08:42,  1.71it/s] 95%|█████████▍| 6052/6400 [58:43<03:23,  1.71it/s] 95%|█████████▍| 6052/6400 [59:01<03:23,  1.71it/s]100%|██████████| 6400/6400 [1:02:08<00:00,  1.72it/s]
  0%|          | 0/6400 [00:00<?, ?it/s]  9%|▊         | 553/6400 [05:20<56:27,  1.73it/s]  9%|▊         | 553/6400 [05:34<56:27,  1.73it/s] 17%|█▋        | 1106/6400 [10:40<51:07,  1.73it/s] 17%|█▋        | 1106/6400 [10:55<51:07,  1.73it/s] 26%|██▌       | 1654/6400 [16:00<46:00,  1.72it/s] 26%|██▌       | 1654/6400 [16:15<46:00,  1.72it/s] 34%|███▍      | 2191/6400 [21:21<41:12,  1.70it/s] 34%|███▍      | 2191/6400 [21:35<41:12,  1.70it/s] 43%|████▎     | 2736/6400 [26:41<35:52,  1.70it/s] 43%|████▎     | 2736/6400 [26:55<35:52,  1.70it/s] 51%|█████     | 3265/6400 [32:01<31:00,  1.68it/s] 51%|█████     | 3265/6400 [32:15<31:00,  1.68it/s] 60%|█████▉    | 3812/6400 [37:22<25:29,  1.69it/s] 60%|█████▉    | 3812/6400 [37:35<25:29,  1.69it/s] 68%|██████▊   | 4362/6400 [42:42<19:58,  1.70it/s] 68%|██████▊   | 4362/6400 [42:55<19:58,  1.70it/s] 77%|███████▋  | 4915/6400 [48:02<14:28,  1.71it/s] 77%|███████▋  | 4915/6400 [48:15<14:28,  1.71it/s] 85%|████████▌ | 5466/6400 [53:22<09:05,  1.71it/s] 85%|████████▌ | 5466/6400 [53:35<09:05,  1.71it/s] 94%|█████████▍| 6016/6400 [58:42<03:43,  1.71it/s] 94%|█████████▍| 6016/6400 [58:55<03:43,  1.71it/s]100%|██████████| 6400/6400 [1:02:25<00:00,  1.71it/s]
  0%|          | 0/6400 [00:00<?, ?it/s]  9%|▊         | 555/6400 [05:20<56:15,  1.73it/s]  9%|▊         | 555/6400 [05:31<56:15,  1.73it/s] 17%|█▋        | 1111/6400 [10:40<50:50,  1.73it/s] 17%|█▋        | 1111/6400 [10:51<50:50,  1.73it/s] 26%|██▌       | 1665/6400 [16:01<45:33,  1.73it/s] 26%|██▌       | 1665/6400 [16:11<45:33,  1.73it/s] 35%|███▍      | 2219/6400 [21:21<40:14,  1.73it/s] 35%|███▍      | 2219/6400 [21:31<40:14,  1.73it/s] 43%|████▎     | 2774/6400 [26:41<34:53,  1.73it/s] 43%|████▎     | 2774/6400 [26:51<34:53,  1.73it/s] 52%|█████▏    | 3328/6400 [32:01<29:34,  1.73it/s] 52%|█████▏    | 3328/6400 [32:11<29:34,  1.73it/s] 61%|██████    | 3874/6400 [37:22<24:26,  1.72it/s] 61%|██████    | 3874/6400 [37:41<24:26,  1.72it/s] 69%|██████▉   | 4419/6400 [42:42<19:15,  1.71it/s] 69%|██████▉   | 4419/6400 [43:02<19:15,  1.71it/s] 78%|███████▊  | 4964/6400 [48:03<13:59,  1.71it/s] 78%|███████▊  | 4964/6400 [48:22<13:59,  1.71it/s] 86%|████████▌ | 5516/6400 [53:23<08:35,  1.71it/s] 86%|████████▌ | 5516/6400 [53:42<08:35,  1.71it/s] 95%|█████████▍| 6070/6400 [58:44<03:11,  1.72it/s] 95%|█████████▍| 6070/6400 [59:02<03:11,  1.72it/s]100%|██████████| 6400/6400 [1:01:56<00:00,  1.72it/s]
2024-12-19 00:43:41.967985: E external/xla/xla/backends/cpu/codegen/jit_compiler.cc:137] LLVM compilation error: Cannot allocate memory
2024-12-19 00:43:41.971163: E external/xla/xla/backends/cpu/codegen/jit_compiler.cc:137] LLVM compilation error: Cannot allocate memory
2024-12-19 00:43:41.987134: E external/xla/xla/backends/cpu/codegen/jit_compiler.cc:137] LLVM compilation error: Cannot allocate memory
2024-12-19 00:43:42.008030: E external/xla/xla/backends/cpu/codegen/jit_compiler.cc:137] LLVM compilation error: Cannot allocate memory
2024-12-19 00:43:42.010287: E external/xla/xla/backends/cpu/codegen/jit_compiler.cc:137] LLVM compilation error: Cannot allocate memory
2024-12-19 00:43:42.013050: E external/xla/xla/backends/cpu/codegen/jit_compiler.cc:137] LLVM compilation error: Cannot allocate memory
2024-12-19 00:43:42.032672: E external/xla/xla/backends/cpu/codegen/jit_compiler.cc:137] LLVM compilation error: Cannot allocate memory
2024-12-19 00:43:42.037040: E external/xla/xla/backends/cpu/codegen/jit_compiler.cc:137] LLVM compilation error: Cannot allocate memory
2024-12-19 00:43:42.048941: E external/xla/xla/backends/cpu/codegen/jit_compiler.cc:137] LLVM compilation error: Cannot allocate memory
2024-12-19 00:43:42.050991: E external/xla/xla/backends/cpu/codegen/jit_compiler.cc:137] LLVM compilation error: Cannot allocate memory
2024-12-19 00:43:42.053958: E external/xla/xla/backends/cpu/codegen/jit_compiler.cc:137] LLVM compilation error: Cannot allocate memory
2024-12-19 00:43:42.060061: E external/xla/xla/backends/cpu/codegen/jit_compiler.cc:137] LLVM compilation error: Cannot allocate memory
2024-12-19 00:43:42.062688: E external/xla/xla/backends/cpu/codegen/jit_compiler.cc:137] LLVM compilation error: Cannot allocate memory
2024-12-19 00:43:42.072788: E external/xla/xla/backends/cpu/codegen/jit_compiler.cc:137] LLVM compilation error: Cannot allocate memory
2024-12-19 00:43:42.075161: E external/xla/xla/backends/cpu/codegen/jit_compiler.cc:137] LLVM compilation error: Cannot allocate memory
2024-12-19 00:43:42.080041: E external/xla/xla/backends/cpu/codegen/jit_compiler.cc:137] LLVM compilation error: Cannot allocate memory
2024-12-19 00:43:42.094865: E external/xla/xla/backends/cpu/codegen/jit_compiler.cc:137] LLVM compilation error: Cannot allocate memory
2024-12-19 00:43:42.106853: E external/xla/xla/backends/cpu/codegen/jit_compiler.cc:137] LLVM compilation error: Cannot allocate memory
2024-12-19 00:43:42.133805: E external/xla/xla/backends/cpu/codegen/jit_compiler.cc:137] LLVM compilation error: Cannot allocate memory
2024-12-19 00:43:42.148038: E external/xla/xla/backends/cpu/codegen/jit_compiler.cc:137] LLVM compilation error: Cannot allocate memory
2024-12-19 00:43:42.157069: E external/xla/xla/backends/cpu/codegen/jit_compiler.cc:137] LLVM compilation error: Cannot allocate memory
2024-12-19 00:43:42.159301: E external/xla/xla/backends/cpu/codegen/jit_compiler.cc:137] LLVM compilation error: Cannot allocate memory
2024-12-19 00:43:42.165034: E external/xla/xla/backends/cpu/codegen/jit_compiler.cc:137] LLVM compilation error: Cannot allocate memory
2024-12-19 00:43:42.178809: E external/xla/xla/backends/cpu/codegen/jit_compiler.cc:137] LLVM compilation error: Cannot allocate memory
2024-12-19 00:43:42.178904: E external/xla/xla/backends/cpu/codegen/jit_compiler.cc:137] LLVM compilation error: Cannot allocate memory
2024-12-19 00:43:42.207376: E external/xla/xla/backends/cpu/codegen/jit_compiler.cc:137] LLVM compilation error: Cannot allocate memory
2024-12-19 00:43:42.215969: E external/xla/xla/backends/cpu/codegen/jit_compiler.cc:137] LLVM compilation error: Cannot allocate memory
2024-12-19 00:43:42.218475: E external/xla/xla/backends/cpu/codegen/jit_compiler.cc:137] LLVM compilation error: Cannot allocate memory
2024-12-19 00:43:42.220817: E external/xla/xla/backends/cpu/codegen/jit_compiler.cc:137] LLVM compilation error: Cannot allocate memory
2024-12-19 00:43:42.228312: E external/xla/xla/backends/cpu/codegen/jit_compiler.cc:137] LLVM compilation error: Cannot allocate memory
2024-12-19 00:43:42.237294: E external/xla/xla/backends/cpu/codegen/jit_compiler.cc:137] LLVM compilation error: Cannot allocate memory
2024-12-19 00:43:42.257277: E external/xla/xla/backends/cpu/codegen/jit_compiler.cc:137] LLVM compilation error: Cannot allocate memory
jax.errors.SimplifiedTraceback: For simplicity, JAX has removed its internal frames from the traceback of the following exception. Set JAX_TRACEBACK_FILTERING=off to include these.

The above exception was the direct cause of the following exception:

Traceback (most recent call last):
  File "/mnt/nfs/nrdata02-users-data/luciano/script/ABC-SBI/examples/Gauss-Gauss/cluster_gauss.py", line 130, in <module>
    EPSILON_STAR, key = get_epsilon_star(key, ACCEPT_RATE, N_POINTS_EPS, prior_simulator, data_simulator, discrepancy, TRUE_DATA, quantile_rate = .99, epsilon = EPSILON_STAR)
  File "/mnt/nfs/nrdata02-users-data/luciano/script/ABC-SBI/functions/simulation.py", line 42, in get_epsilon_star
    datas, thetas, dists, key = ABC_epsilon(key, n_points, prior_simulator, data_simulator, discrepancy, new_epsilon, true_data)
jaxlib.xla_extension.XlaRuntimeError: INTERNAL: Failed to materialize symbols: { (<xla_jit_dylib_28>, { broadcast_add_fusion.15, negate_sqrt_fusion, bitcast_select_fusion.1 }) }
